<?xml version="1.0" encoding="UTF-8"?>
<testng-results skipped="0" failed="0" ignored="0" total="1" passed="1">
  <reporter-output>
  </reporter-output>
  <suite name="Default suite" duration-ms="37" started-at="2019-01-05T20:48:31Z" finished-at="2019-01-05T20:48:31Z">
    <groups>
    </groups>
    <test name="Default test" duration-ms="37" started-at="2019-01-05T20:48:31Z" finished-at="2019-01-05T20:48:31Z">
      <class name="addition.AddSum1">
        <test-method status="PASS" signature="sumWithForLoop()[pri:0, instance:addition.AddSum1@4439f31e]" name="sumWithForLoop" duration-ms="11" started-at="2019-01-05T20:48:31Z" finished-at="2019-01-05T20:48:31Z">
          <reporter-output>
          </reporter-output>
        </test-method> <!-- sumWithForLoop -->
      </class> <!-- addition.AddSum1 -->
    </test> <!-- Default test -->
  </suite> <!-- Default suite -->
</testng-results>
